<?xml version="1.0" encoding="UTF-8"?>
<!-- Generated by org.testng.reporters.JUnitReportReporter -->
<testsuite hostname="LAPTOP-PBHQ1AJE" failures="0" tests="5" name="com.promiseLog.qa.TestCase.Promise_Log_TestCases" time="6.287" errors="0" timestamp="2020-09-10T22:17:13 IST" skipped="0">
  <testcase classname="com.promiseLog.qa.TestCase.Promise_Log_TestCases" name="clickonLoginbtnTest" time="0.389"/>
  <testcase classname="com.promiseLog.qa.TestCase.Promise_Log_TestCases" name="loginToSite" time="1.386"/>
  <testcase classname="com.promiseLog.qa.TestCase.Promise_Log_TestCases" name="addPromiseTest" time="2.514"/>
  <testcase classname="com.promiseLog.qa.TestCase.Promise_Log_TestCases" name="searchPromiseAddTest" time="1.264"/>
  <testcase classname="com.promiseLog.qa.TestCase.Promise_Log_TestCases" name="clickOnLogoutTest" time="0.734"/>
</testsuite> <!-- com.promiseLog.qa.TestCase.Promise_Log_TestCases -->
